2018-11-05 22:34:33,431 [1] INFO  D:\Studia\V_semestr\TPA\Projekt_po_przebudowie\ViewModel\WPFViewModel.cs The file to load was selected
2018-11-05 22:34:34,808 [1] INFO  D:\Studia\V_semestr\TPA\Projekt_po_przebudowie\ViewModel\WPFViewModel.cs TreeView is loaded
2018-11-05 22:34:34,809 [1] INFO  D:\Studia\V_semestr\TPA\Projekt_po_przebudowie\ViewModel\WPFViewModel.cs File loaded to treeview.
2018-11-05 22:34:36,518 [1] INFO  D:\Studia\V_semestr\TPA\Projekt_po_przebudowie\ViewModel\TreeViewNode.cs TreeView is built.
2018-11-05 22:34:51,711 [1] INFO  D:\Studia\V_semestr\TPA\Projekt_po_przebudowie\ViewModel\TreeViewNode.cs TreeView is built.
2018-11-05 22:36:07,104 [1] INFO  D:\Studia\V_semestr\TPA\Projekt_po_przebudowie\ViewModel\WPFViewModel.cs The file to load was selected
2018-11-05 22:36:08,557 [1] INFO  D:\Studia\V_semestr\TPA\Projekt_po_przebudowie\ViewModel\WPFViewModel.cs TreeView is loaded
2018-11-05 22:36:08,557 [1] INFO  D:\Studia\V_semestr\TPA\Projekt_po_przebudowie\ViewModel\WPFViewModel.cs File loaded to treeview.
2018-11-05 22:36:10,181 [1] INFO  D:\Studia\V_semestr\TPA\Projekt_po_przebudowie\ViewModel\TreeViewNode.cs BuildMyself work properly.
2018-11-05 22:36:11,331 [1] INFO  D:\Studia\V_semestr\TPA\Projekt_po_przebudowie\ViewModel\TreeViewNode.cs BuildMyself work properly.
2018-11-05 22:36:26,013 [1] INFO  D:\Studia\V_semestr\TPA\Projekt_po_przebudowie\ViewModel\TreeViewNode.cs BuildMyself work properly.
2018-11-05 22:56:00,794 [1] INFO  D:\Studia\V_semestr\TPA\Projekt_po_przebudowie\ViewModel\WPFViewModel.cs The file to load was selected
2018-11-05 22:56:02,361 [1] INFO  D:\Studia\V_semestr\TPA\Projekt_po_przebudowie\ViewModel\WPFViewModel.cs TreeView is loaded
2018-11-05 22:56:02,361 [1] INFO  D:\Studia\V_semestr\TPA\Projekt_po_przebudowie\ViewModel\WPFViewModel.cs File loaded to treeview.
2018-11-05 22:56:04,347 [1] INFO  D:\Studia\V_semestr\TPA\Projekt_po_przebudowie\ViewModel\TreeViewNode.cs BuildMyself work properly.
2018-11-05 23:03:50,395 [1] INFO  D:\Studia\V_semestr\TPA\Projekt_po_przebudowie\ViewModel\TreeViewNode.cs BuildMyself work properly.
2018-11-05 23:03:51,905 [1] INFO  D:\Studia\V_semestr\TPA\Projekt_po_przebudowie\ViewModel\TreeViewNode.cs BuildMyself work properly.
2018-11-05 23:04:26,386 [1] INFO  D:\Studia\V_semestr\TPA\Projekt_po_przebudowie\ViewModel\TreeViewNode.cs BuildMyself work properly.
2018-11-05 23:04:43,343 [1] INFO  D:\Studia\V_semestr\TPA\Projekt_po_przebudowie\ViewModel\TreeViewNode.cs BuildMyself work properly.
2018-11-05 23:07:39,135 [1] INFO  D:\Studia\V_semestr\TPA\Projekt_po_przebudowie\ViewModel\WPFViewModel.cs The file to load was selected
2018-11-05 23:07:40,353 [1] INFO  D:\Studia\V_semestr\TPA\Projekt_po_przebudowie\ViewModel\WPFViewModel.cs TreeView is loaded
2018-11-05 23:07:40,354 [1] INFO  D:\Studia\V_semestr\TPA\Projekt_po_przebudowie\ViewModel\WPFViewModel.cs File loaded to treeview.
2018-11-05 23:07:41,965 [1] INFO  D:\Studia\V_semestr\TPA\Projekt_po_przebudowie\ViewModel\TreeViewNode.cs BuildMyself work properly.
2018-11-05 23:07:43,386 [1] INFO  D:\Studia\V_semestr\TPA\Projekt_po_przebudowie\ViewModel\TreeViewNode.cs BuildMyself work properly.
2018-11-05 23:07:48,496 [1] INFO  D:\Studia\V_semestr\TPA\Projekt_po_przebudowie\ViewModel\TreeViewNode.cs BuildMyself work properly.
2018-11-05 23:07:54,388 [1] INFO  D:\Studia\V_semestr\TPA\Projekt_po_przebudowie\ViewModel\TreeViewNode.cs BuildMyself work properly.
2018-11-05 23:07:57,660 [1] INFO  D:\Studia\V_semestr\TPA\Projekt_po_przebudowie\ViewModel\TreeViewNode.cs BuildMyself work properly.
2018-11-05 23:08:17,278 [1] INFO  D:\Studia\V_semestr\TPA\Projekt_po_przebudowie\ViewModel\TreeViewNode.cs BuildMyself work properly.
2018-11-05 23:08:19,117 [1] INFO  D:\Studia\V_semestr\TPA\Projekt_po_przebudowie\ViewModel\TreeViewNode.cs BuildMyself work properly.
2018-11-05 23:08:20,639 [1] INFO  D:\Studia\V_semestr\TPA\Projekt_po_przebudowie\ViewModel\TreeViewNode.cs BuildMyself work properly.
2018-11-06 17:55:12,637 [1] INFO  D:\Studia\V_semestr\TPA\Projekt_po_przebudowie\ViewModel\WPFViewModel.cs The file to load was selected
2018-11-06 17:55:15,314 [1] INFO  D:\Studia\V_semestr\TPA\Projekt_po_przebudowie\ViewModel\WPFViewModel.cs TreeView is loaded
2018-11-06 17:55:15,315 [1] INFO  D:\Studia\V_semestr\TPA\Projekt_po_przebudowie\ViewModel\WPFViewModel.cs File loaded to treeview.
2018-11-06 17:55:16,685 [1] INFO  D:\Studia\V_semestr\TPA\Projekt_po_przebudowie\ViewModel\TreeViewNode.cs Method BuildMyself work properly.
2018-11-06 17:55:17,870 [1] INFO  D:\Studia\V_semestr\TPA\Projekt_po_przebudowie\ViewModel\TreeViewNode.cs Method BuildMyself work properly.
2018-11-06 17:55:19,028 [1] INFO  D:\Studia\V_semestr\TPA\Projekt_po_przebudowie\ViewModel\TreeViewNode.cs Method BuildMyself work properly.
